{"/Users/daviv/Dev/subscription-form/src/components/Disclaimer/Disclaimer.tsx": {"path":"/Users/daviv/Dev/subscription-form/src/components/Disclaimer/Disclaimer.tsx","statementMap":{"0":{"start":{"line":1,"column":0},"end":{"line":1,"column":43}},"1":{"start":{"line":3,"column":0},"end":{"line":3,"column":43}},"2":{"start":{"line":19,"column":6},"end":{"line":19,"column":12}},"3":{"start":{"line":21,"column":13},"end":{"line":23,"column":17}},"4":{"start":{"line":24,"column":2},"end":{"line":30,"column":3}},"5":{"start":{"line":25,"column":4},"end":{"line":29,"column":14}},"6":{"start":{"line":31,"column":2},"end":{"line":37,"column":5}},"7":{"start":{"line":38,"column":2},"end":{"line":46,"column":3}},"8":{"start":{"line":39,"column":4},"end":{"line":39,"column":34}},"9":{"start":{"line":42,"column":6},"end":{"line":42,"column":76}},"10":{"start":{"line":43,"column":4},"end":{"line":45,"column":9}},"11":{"start":{"line":48,"column":2},"end":{"line":48,"column":41}},"12":{"start":{"line":51,"column":0},"end":{"line":51,"column":26}}},"fnMap":{"0":{"name":"Disclaimer","decl":{"start":{"line":9,"column":9},"end":{"line":9,"column":19}},"loc":{"start":{"line":9,"column":47},"end":{"line":49,"column":1}}}},"branchMap":{"0":{"loc":{"start":{"line":22,"column":4},"end":{"line":22,"column":21}},"type":"binary-expr","locations":[{"start":{"line":22,"column":4},"end":{"line":22,"column":16}},{"start":{"line":22,"column":20},"end":{"line":22,"column":21}}]},"1":{"loc":{"start":{"line":24,"column":2},"end":{"line":30,"column":3}},"type":"if","locations":[{"start":{"line":24,"column":2},"end":{"line":30,"column":3}}]},"2":{"loc":{"start":{"line":26,"column":6},"end":{"line":28,"column":null}},"type":"cond-expr","locations":[{"start":{"line":27,"column":10},"end":{"line":27,"column":35}},{"start":{"line":28,"column":10},"end":{"line":28,"column":null}}]},"3":{"loc":{"start":{"line":31,"column":37},"end":{"line":31,"column":57}},"type":"binary-expr","locations":[{"start":{"line":31,"column":37},"end":{"line":31,"column":52}},{"start":{"line":31,"column":56},"end":{"line":31,"column":57}}]},"4":{"loc":{"start":{"line":32,"column":4},"end":{"line":32,"column":null}},"type":"cond-expr","locations":[{"start":{"line":32,"column":32},"end":{"line":32,"column":59}},{"start":{"line":32,"column":62},"end":{"line":32,"column":null}}]},"5":{"loc":{"start":{"line":34,"column":4},"end":{"line":36,"column":null}},"type":"cond-expr","locations":[{"start":{"line":35,"column":8},"end":{"line":35,"column":44}},{"start":{"line":36,"column":8},"end":{"line":36,"column":null}}]},"6":{"loc":{"start":{"line":38,"column":2},"end":{"line":46,"column":3}},"type":"if","locations":[{"start":{"line":38,"column":2},"end":{"line":46,"column":3}},{"start":{"line":40,"column":9},"end":{"line":46,"column":3}}]},"7":{"loc":{"start":{"line":44,"column":6},"end":{"line":44,"column":26}},"type":"binary-expr","locations":[{"start":{"line":44,"column":6},"end":{"line":44,"column":21}},{"start":{"line":44,"column":25},"end":{"line":44,"column":26}}]}},"s":{"0":2,"1":2,"2":6,"3":6,"4":6,"5":1,"6":6,"7":6,"8":3,"9":3,"10":3,"11":6,"12":2},"f":{"0":6},"b":{"0":[6,2],"1":[1],"2":[0,1],"3":[6,2],"4":[2,4],"5":[2,4],"6":[3,3],"7":[3,0]}}
,"/Users/daviv/Dev/subscription-form/src/components/Form/Form.tsx": {"path":"/Users/daviv/Dev/subscription-form/src/components/Form/Form.tsx","statementMap":{"0":{"start":{"line":1,"column":0},"end":{"line":1,"column":35}},"1":{"start":{"line":3,"column":0},"end":{"line":3,"column":50}},"2":{"start":{"line":4,"column":0},"end":{"line":4,"column":49}},"3":{"start":{"line":5,"column":0},"end":{"line":5,"column":null}},"4":{"start":{"line":14,"column":0},"end":{"line":14,"column":72}},"5":{"start":{"line":15,"column":0},"end":{"line":15,"column":62}},"6":{"start":{"line":16,"column":0},"end":{"line":16,"column":42}},"7":{"start":{"line":17,"column":0},"end":{"line":17,"column":60}},"8":{"start":{"line":19,"column":28},"end":{"line":23,"column":2}},"9":{"start":{"line":27,"column":4},"end":{"line":42,"column":6}},"10":{"start":{"line":40,"column":8},"end":{"line":40,"column":28}},"11":{"start":{"line":44,"column":2},"end":{"line":170,"column":4}},"12":{"start":{"line":160,"column":14},"end":{"line":161,"column":null}},"13":{"start":{"line":173,"column":0},"end":{"line":173,"column":20}}},"fnMap":{"0":{"name":"Form","decl":{"start":{"line":25,"column":9},"end":{"line":25,"column":13}},"loc":{"start":{"line":25,"column":13},"end":{"line":171,"column":1}}},"1":{"name":"(anonymous_2)","decl":{"start":{"line":39,"column":16},"end":{"line":39,"column":17}},"loc":{"start":{"line":39,"column":27},"end":{"line":41,"column":7}}},"2":{"name":"(anonymous_3)","decl":{"start":{"line":159,"column":36},"end":{"line":159,"column":37}},"loc":{"start":{"line":160,"column":14},"end":{"line":161,"column":null}}}},"branchMap":{"0":{"loc":{"start":{"line":99,"column":23},"end":{"line":99,"column":74}},"type":"binary-expr","locations":[{"start":{"line":99,"column":23},"end":{"line":99,"column":47}},{"start":{"line":99,"column":51},"end":{"line":99,"column":74}}]},"1":{"loc":{"start":{"line":138,"column":18},"end":{"line":138,"column":72}},"type":"cond-expr","locations":[{"start":{"line":138,"column":52},"end":{"line":138,"column":61}},{"start":{"line":138,"column":64},"end":{"line":138,"column":72}}]},"2":{"loc":{"start":{"line":148,"column":23},"end":{"line":148,"column":70}},"type":"binary-expr","locations":[{"start":{"line":148,"column":23},"end":{"line":148,"column":45}},{"start":{"line":148,"column":49},"end":{"line":148,"column":70}}]},"3":{"loc":{"start":{"line":157,"column":11},"end":{"line":163,"column":14}},"type":"binary-expr","locations":[{"start":{"line":157,"column":11},"end":{"line":157,"column":26}},{"start":{"line":158,"column":12},"end":{"line":158,"column":19}},{"start":{"line":159,"column":12},"end":{"line":163,"column":14}}]}},"s":{"0":1,"1":1,"2":1,"3":1,"4":1,"5":1,"6":1,"7":1,"8":1,"9":2,"10":0,"11":2,"12":0,"13":1},"f":{"0":2,"1":0,"2":0},"b":{"0":[2,0],"1":[0,2],"2":[2,0],"3":[2,0,0]}}
,"/Users/daviv/Dev/subscription-form/src/components/Form/FieldGroups/BillingFrequencyField.tsx": {"path":"/Users/daviv/Dev/subscription-form/src/components/Form/FieldGroups/BillingFrequencyField.tsx","statementMap":{"0":{"start":{"line":1,"column":0},"end":{"line":1,"column":41}},"1":{"start":{"line":2,"column":0},"end":{"line":2,"column":76}},"2":{"start":{"line":4,"column":0},"end":{"line":4,"column":42}},"3":{"start":{"line":14,"column":60},"end":{"line":14,"column":66}},"4":{"start":{"line":16,"column":2},"end":{"line":36,"column":4}},"5":{"start":{"line":39,"column":0},"end":{"line":39,"column":37}}},"fnMap":{"0":{"name":"BillingFrequencyField","decl":{"start":{"line":6,"column":9},"end":{"line":6,"column":30}},"loc":{"start":{"line":13,"column":1},"end":{"line":37,"column":1}}}},"branchMap":{},"s":{"0":2,"1":2,"2":2,"3":4,"4":4,"5":2},"f":{"0":4},"b":{}}
,"/Users/daviv/Dev/subscription-form/src/components/Form/FieldGroups/TrialPeriodField.tsx": {"path":"/Users/daviv/Dev/subscription-form/src/components/Form/FieldGroups/TrialPeriodField.tsx","statementMap":{"0":{"start":{"line":1,"column":0},"end":{"line":1,"column":41}},"1":{"start":{"line":2,"column":0},"end":{"line":2,"column":76}},"2":{"start":{"line":4,"column":0},"end":{"line":4,"column":42}},"3":{"start":{"line":19,"column":44},"end":{"line":19,"column":50}},"4":{"start":{"line":21,"column":2},"end":{"line":45,"column":4}},"5":{"start":{"line":48,"column":0},"end":{"line":48,"column":32}}},"fnMap":{"0":{"name":"TrialPeriodField","decl":{"start":{"line":7,"column":9},"end":{"line":7,"column":25}},"loc":{"start":{"line":18,"column":1},"end":{"line":46,"column":1}}}},"branchMap":{"0":{"loc":{"start":{"line":25,"column":15},"end":{"line":25,"column":68}},"type":"binary-expr","locations":[{"start":{"line":25,"column":15},"end":{"line":25,"column":40}},{"start":{"line":25,"column":44},"end":{"line":25,"column":68}}]}},"s":{"0":2,"1":2,"2":2,"3":5,"4":5,"5":2},"f":{"0":5},"b":{"0":[5,1]}}
,"/Users/daviv/Dev/subscription-form/src/components/NavBar/NavBar.tsx": {"path":"/Users/daviv/Dev/subscription-form/src/components/NavBar/NavBar.tsx","statementMap":{"0":{"start":{"line":1,"column":0},"end":{"line":1,"column":40}},"1":{"start":{"line":2,"column":0},"end":{"line":2,"column":null}},"2":{"start":{"line":8,"column":22},"end":{"line":13,"column":3}},"3":{"start":{"line":9,"column":4},"end":{"line":12,"column":5}},"4":{"start":{"line":10,"column":6},"end":{"line":10,"column":29}},"5":{"start":{"line":11,"column":6},"end":{"line":11,"column":31}},"6":{"start":{"line":15,"column":2},"end":{"line":23,"column":4}},"7":{"start":{"line":26,"column":0},"end":{"line":26,"column":22}}},"fnMap":{"0":{"name":"NavBar","decl":{"start":{"line":7,"column":9},"end":{"line":7,"column":15}},"loc":{"start":{"line":7,"column":15},"end":{"line":24,"column":1}}},"1":{"name":"(anonymous_1)","decl":{"start":{"line":8,"column":22},"end":{"line":8,"column":23}},"loc":{"start":{"line":8,"column":69},"end":{"line":13,"column":3}}}},"branchMap":{"0":{"loc":{"start":{"line":9,"column":4},"end":{"line":12,"column":5}},"type":"if","locations":[{"start":{"line":9,"column":4},"end":{"line":12,"column":5}}]}},"s":{"0":1,"1":1,"2":3,"3":2,"4":1,"5":1,"6":3,"7":1},"f":{"0":3,"1":2},"b":{"0":[1]}}
,"/Users/daviv/Dev/subscription-form/src/theme/index.ts": {"path":"/Users/daviv/Dev/subscription-form/src/theme/index.ts","statementMap":{"0":{"start":{"line":1,"column":0},"end":{"line":1,"column":44}},"1":{"start":{"line":12,"column":13},"end":{"line":39,"column":3}}},"fnMap":{},"branchMap":{},"s":{"0":2,"1":2},"f":{},"b":{}}
}
