TN:
SF:src/components/Disclaimer/Disclaimer.tsx
FN:9,Disclaimer
FNF:1
FNH:1
FNDA:6,Disclaimer
DA:1,2
DA:3,2
DA:19,6
DA:21,6
DA:24,6
DA:25,1
DA:31,6
DA:38,6
DA:39,3
DA:42,3
DA:43,3
DA:48,6
DA:51,2
LF:13
LH:13
BRDA:22,0,0,6
BRDA:22,0,1,2
BRDA:24,1,0,1
BRDA:26,2,0,0
BRDA:26,2,1,1
BRDA:31,3,0,6
BRDA:31,3,1,2
BRDA:32,4,0,2
BRDA:32,4,1,4
BRDA:34,5,0,2
BRDA:34,5,1,4
BRDA:38,6,0,3
BRDA:38,6,1,3
BRDA:44,7,0,3
BRDA:44,7,1,0
BRF:15
BRH:13
end_of_record
TN:
SF:src/components/Form/Form.tsx
FN:25,Form
FN:39,(anonymous_2)
FN:159,(anonymous_3)
FNF:3
FNH:1
FNDA:2,Form
FNDA:0,(anonymous_2)
FNDA:0,(anonymous_3)
DA:1,1
DA:3,1
DA:4,1
DA:5,1
DA:14,1
DA:15,1
DA:16,1
DA:17,1
DA:19,1
DA:27,2
DA:40,0
DA:44,2
DA:160,0
DA:173,1
LF:14
LH:12
BRDA:99,0,0,2
BRDA:99,0,1,0
BRDA:138,1,0,0
BRDA:138,1,1,2
BRDA:148,2,0,2
BRDA:148,2,1,0
BRDA:157,3,0,2
BRDA:157,3,1,0
BRDA:157,3,2,0
BRF:9
BRH:4
end_of_record
TN:
SF:src/components/Form/FieldGroups/BillingFrequencyField.tsx
FN:6,BillingFrequencyField
FNF:1
FNH:1
FNDA:4,BillingFrequencyField
DA:1,2
DA:2,2
DA:4,2
DA:14,4
DA:16,4
DA:39,2
LF:6
LH:6
BRF:0
BRH:0
end_of_record
TN:
SF:src/components/Form/FieldGroups/TrialPeriodField.tsx
FN:7,TrialPeriodField
FNF:1
FNH:1
FNDA:5,TrialPeriodField
DA:1,2
DA:2,2
DA:4,2
DA:19,5
DA:21,5
DA:48,2
LF:6
LH:6
BRDA:25,0,0,5
BRDA:25,0,1,1
BRF:2
BRH:2
end_of_record
TN:
SF:src/components/NavBar/NavBar.tsx
FN:7,NavBar
FN:8,(anonymous_1)
FNF:2
FNH:2
FNDA:3,NavBar
FNDA:2,(anonymous_1)
DA:1,1
DA:2,1
DA:8,3
DA:9,2
DA:10,1
DA:11,1
DA:15,3
DA:26,1
LF:8
LH:8
BRDA:9,0,0,1
BRF:1
BRH:1
end_of_record
TN:
SF:src/theme/index.ts
FNF:0
FNH:0
DA:1,2
DA:12,2
LF:2
LH:2
BRF:0
BRH:0
end_of_record
